PluginManager/plugLoadDemo/build/outputs/logs/manifest-merger-debug-report.txt
-- Merging decision tree log ---
manifest
ADDED from src\main\AndroidManifest.xml:2:1-109:12
	package
		ADDED from src\main\AndroidManifest.xml:3:5-33
		INJECTED from src\main\AndroidManifest.xml
		INJECTED from src\main\AndroidManifest.xml
	android:versionName
		ADDED from src\main\AndroidManifest.xml:5:5-30
		INJECTED from src\main\AndroidManifest.xml
		INJECTED from src\main\AndroidManifest.xml
	android:versionCode
		ADDED from src\main\AndroidManifest.xml:4:5-28
		INJECTED from src\main\AndroidManifest.xml
		INJECTED from src\main\AndroidManifest.xml
	xmlns:android
		ADDED from src\main\AndroidManifest.xml:2:11-69
uses-feature#android.hardware.camera
ADDED from src\main\AndroidManifest.xml:7:5-9:36
	android:required
		ADDED from src\main\AndroidManifest.xml:9:9-33
	android:name
		ADDED from src\main\AndroidManifest.xml:8:9-47
uses-feature#android.hardware.camera.autofocus
ADDED from src\main\AndroidManifest.xml:10:5-12:36
	android:required
		ADDED from src\main\AndroidManifest.xml:12:9-33
	android:name
		ADDED from src\main\AndroidManifest.xml:11:9-57
uses-feature#android.hardware.bluetooth
ADDED from src\main\AndroidManifest.xml:13:5-15:36
	android:required
		ADDED from src\main\AndroidManifest.xml:15:9-33
	android:name
		ADDED from src\main\AndroidManifest.xml:14:9-50
uses-feature#android.hardware.location
ADDED from src\main\AndroidManifest.xml:16:5-18:36
	android:required
		ADDED from src\main\AndroidManifest.xml:18:9-33
	android:name
		ADDED from src\main\AndroidManifest.xml:17:9-49
uses-feature#android.hardware.location.gps
ADDED from src\main\AndroidManifest.xml:19:5-21:36
	android:required
		ADDED from src\main\AndroidManifest.xml:21:9-33
	android:name
		ADDED from src\main\AndroidManifest.xml:20:9-53
uses-feature#android.hardware.location.network
ADDED from src\main\AndroidManifest.xml:22:5-24:36
	android:required
		ADDED from src\main\AndroidManifest.xml:24:9-33
	android:name
		ADDED from src\main\AndroidManifest.xml:23:9-57
uses-feature#android.hardware.microphone
ADDED from src\main\AndroidManifest.xml:25:5-27:36
	android:required
		ADDED from src\main\AndroidManifest.xml:27:9-33
	android:name
		ADDED from src\main\AndroidManifest.xml:26:9-51
uses-feature#android.hardware.telephony
ADDED from src\main\AndroidManifest.xml:28:5-30:36
	android:required
		ADDED from src\main\AndroidManifest.xml:30:9-33
	android:name
		ADDED from src\main\AndroidManifest.xml:29:9-50
uses-feature#android.hardware.touchscreen
ADDED from src\main\AndroidManifest.xml:31:5-33:36
	android:required
		ADDED from src\main\AndroidManifest.xml:33:9-33
	android:name
		ADDED from src\main\AndroidManifest.xml:32:9-52
uses-feature#android.hardware.wifi
ADDED from src\main\AndroidManifest.xml:34:5-36:36
	android:required
		ADDED from src\main\AndroidManifest.xml:36:9-33
	android:name
		ADDED from src\main\AndroidManifest.xml:35:9-45
uses-permission#android.permission.ACCESS_NETWORK_STATE
ADDED from src\main\AndroidManifest.xml:38:5-79
	android:name
		ADDED from src\main\AndroidManifest.xml:38:22-76
uses-permission#android.permission.ACCESS_COARSE_LOCATION
ADDED from src\main\AndroidManifest.xml:39:5-81
	android:name
		ADDED from src\main\AndroidManifest.xml:39:22-78
uses-permission#android.permission.ACCESS_FINE_LOCATION
ADDED from src\main\AndroidManifest.xml:40:5-79
	android:name
		ADDED from src\main\AndroidManifest.xml:40:22-76
uses-permission#android.permission.CAMERA
ADDED from src\main\AndroidManifest.xml:41:5-65
	android:name
		ADDED from src\main\AndroidManifest.xml:41:22-62
uses-permission#android.permission.GET_TASKS
ADDED from src\main\AndroidManifest.xml:42:5-68
	android:name
		ADDED from src\main\AndroidManifest.xml:42:22-65
uses-permission#android.permission.INTERNET
ADDED from src\main\AndroidManifest.xml:43:5-67
	android:name
		ADDED from src\main\AndroidManifest.xml:43:22-64
uses-permission#android.permission.MODIFY_AUDIO_SETTINGS
ADDED from src\main\AndroidManifest.xml:44:5-80
	android:name
		ADDED from src\main\AndroidManifest.xml:44:22-77
uses-permission#android.permission.RECEIVE_BOOT_COMPLETED
ADDED from src\main\AndroidManifest.xml:45:5-81
	android:name
		ADDED from src\main\AndroidManifest.xml:45:22-78
uses-permission#android.permission.RECORD_AUDIO
ADDED from src\main\AndroidManifest.xml:46:5-71
	android:name
		ADDED from src\main\AndroidManifest.xml:46:22-68
uses-permission#android.permission.READ_CONTACTS
ADDED from src\main\AndroidManifest.xml:47:5-72
	android:name
		ADDED from src\main\AndroidManifest.xml:47:22-69
uses-permission#android.permission.READ_SMS
ADDED from src\main\AndroidManifest.xml:48:5-67
	android:name
		ADDED from src\main\AndroidManifest.xml:48:22-64
uses-permission#android.permission.VIBRATE
ADDED from src\main\AndroidManifest.xml:49:5-66
	android:name
		ADDED from src\main\AndroidManifest.xml:49:22-63
uses-permission#android.permission.WAKE_LOCK
ADDED from src\main\AndroidManifest.xml:50:5-68
	android:name
		ADDED from src\main\AndroidManifest.xml:50:22-65
uses-permission#android.permission.WRITE_CONTACTS
ADDED from src\main\AndroidManifest.xml:51:5-73
	android:name
		ADDED from src\main\AndroidManifest.xml:51:22-70
uses-permission#android.permission.WRITE_SETTINGS
ADDED from src\main\AndroidManifest.xml:52:5-73
	android:name
		ADDED from src\main\AndroidManifest.xml:52:22-70
uses-permission#com.android.launcher.permission.INSTALL_SHORTCUT
ADDED from src\main\AndroidManifest.xml:53:5-88
	android:name
		ADDED from src\main\AndroidManifest.xml:53:22-85
uses-permission#com.android.launcher.permission.UNINSTALL_SHORTCUT
ADDED from src\main\AndroidManifest.xml:54:5-90
	android:name
		ADDED from src\main\AndroidManifest.xml:54:22-87
uses-permission#com.android.launcher.permission.READ_SETTINGS
ADDED from src\main\AndroidManifest.xml:55:5-85
	android:name
		ADDED from src\main\AndroidManifest.xml:55:22-82
uses-permission#com.tencent.mm.location.permission.SEND_VIEW
ADDED from src\main\AndroidManifest.xml:56:5-84
	android:name
		ADDED from src\main\AndroidManifest.xml:56:22-81
uses-permission#android.permission.BLUETOOTH
ADDED from src\main\AndroidManifest.xml:57:5-68
	android:name
		ADDED from src\main\AndroidManifest.xml:57:22-65
uses-permission#android.permission.BLUETOOTH_ADMIN
ADDED from src\main\AndroidManifest.xml:58:5-74
	android:name
		ADDED from src\main\AndroidManifest.xml:58:22-71
uses-permission#android.permission.BROADCAST_STICKY
ADDED from src\main\AndroidManifest.xml:59:5-75
	android:name
		ADDED from src\main\AndroidManifest.xml:59:22-72
uses-permission#android.permission.SYSTEM_ALERT_WINDOW
ADDED from src\main\AndroidManifest.xml:60:5-78
	android:name
		ADDED from src\main\AndroidManifest.xml:60:22-75
uses-permission#android.permission.CHANGE_WIFI_STATE
ADDED from src\main\AndroidManifest.xml:61:5-76
	android:name
		ADDED from src\main\AndroidManifest.xml:61:22-73
uses-permission#android.permission.GET_PACKAGE_SIZE
ADDED from src\main\AndroidManifest.xml:62:5-75
	android:name
		ADDED from src\main\AndroidManifest.xml:62:22-72
uses-permission#android.permission.READ_EXTERNAL_STORAGE
ADDED from src\main\AndroidManifest.xml:63:5-80
	android:name
		ADDED from src\main\AndroidManifest.xml:63:22-77
uses-permission#android.permission.MOUNT_UNMOUNT_FILESYSTEMS
ADDED from src\main\AndroidManifest.xml:66:5-84
	android:name
		ADDED from src\main\AndroidManifest.xml:66:22-81
uses-permission#android.permission.WRITE_EXTERNAL_STORAGE
ADDED from src\main\AndroidManifest.xml:67:5-81
	android:name
		ADDED from src\main\AndroidManifest.xml:67:22-78
uses-sdk
ADDED from src\main\AndroidManifest.xml:69:5-71:41
MERGED from [PluginManager:androidpluginmgr:unspecified] AndroidManifest.xml:7:5-9:41
	android:targetSdkVersion
		ADDED from src\main\AndroidManifest.xml:71:9-38
		INJECTED from src\main\AndroidManifest.xml
		INJECTED from src\main\AndroidManifest.xml
	android:minSdkVersion
		ADDED from src\main\AndroidManifest.xml:70:9-35
		INJECTED from src\main\AndroidManifest.xml
		INJECTED from src\main\AndroidManifest.xml
application
ADDED from src\main\AndroidManifest.xml:73:5-89:19
	android:label
		ADDED from src\main\AndroidManifest.xml:77:9-41
	android:allowBackup
		ADDED from src\main\AndroidManifest.xml:75:9-35
	android:icon
		ADDED from src\main\AndroidManifest.xml:76:9-45
	android:name
		ADDED from src\main\AndroidManifest.xml:74:9-28
activity#androidx.plmgrdemo.MainActivity
ADDED from src\main\AndroidManifest.xml:78:9-86:20
	android:label
		ADDED from src\main\AndroidManifest.xml:80:13-45
	android:name
		ADDED from src\main\AndroidManifest.xml:79:13-41
intent-filter#android.intent.action.MAIN+android.intent.category.LAUNCHER
ADDED from src\main\AndroidManifest.xml:81:13-85:29
action#android.intent.action.MAIN
ADDED from src\main\AndroidManifest.xml:82:17-69
	android:name
		ADDED from src\main\AndroidManifest.xml:82:25-66
category#android.intent.category.LAUNCHER
ADDED from src\main\AndroidManifest.xml:84:17-77
	android:name
		ADDED from src\main\AndroidManifest.xml:84:27-74
activity#androidx.pluginmgr.DynamicActivity
ADDED from src\main\AndroidManifest.xml:88:9-71
	android:name
		ADDED from src\main\AndroidManifest.xml:88:19-68
uses-permission#android.permission.ACCESS_WIFI_STATE
ADDED from src\main\AndroidManifest.xml:91:5-76
	android:name
		ADDED from src\main\AndroidManifest.xml:91:22-73
uses-permission#android.permission.READ_PHONE_STATE
ADDED from src\main\AndroidManifest.xml:92:5-75
	android:name
		ADDED from src\main\AndroidManifest.xml:92:22-72
uses-permission#android.permission.GET_ACCOUNTS
ADDED from src\main\AndroidManifest.xml:93:5-71
	android:name
		ADDED from src\main\AndroidManifest.xml:93:22-68
uses-permission#android.permission.MANAGE_ACCOUNTS
ADDED from src\main\AndroidManifest.xml:94:5-74
	android:name
		ADDED from src\main\AndroidManifest.xml:94:22-71
uses-permission#android.permission.AUTHENTICATE_ACCOUNTS
ADDED from src\main\AndroidManifest.xml:95:5-80
	android:name
		ADDED from src\main\AndroidManifest.xml:95:22-77
uses-permission#android.permission.READ_SYNC_SETTINGS
ADDED from src\main\AndroidManifest.xml:96:5-77
	android:name
		ADDED from src\main\AndroidManifest.xml:96:22-74
uses-permission#android.permission.WRITE_SYNC_SETTINGS
ADDED from src\main\AndroidManifest.xml:97:5-78
	android:name
		ADDED from src\main\AndroidManifest.xml:97:22-75
uses-permission#android.permission.READ_PROFILE
ADDED from src\main\AndroidManifest.xml:98:5-71
	android:name
		ADDED from src\main\AndroidManifest.xml:98:22-68
uses-feature#android.hardware.bluetooth_le
ADDED from src\main\AndroidManifest.xml:100:5-102:36
	android:required
		ADDED from src\main\AndroidManifest.xml:102:9-33
	android:name
		ADDED from src\main\AndroidManifest.xml:101:9-53
uses-permission#com.tencent.mm.ext.permission.READ
ADDED from src\main\AndroidManifest.xml:104:5-74
	android:name
		ADDED from src\main\AndroidManifest.xml:104:22-71
uses-permission#com.tencent.mm.ext.permission.WRITE
ADDED from src\main\AndroidManifest.xml:105:5-75
	android:name
		ADDED from src\main\AndroidManifest.xml:105:22-72
uses-permission#com.google.android.c2dm.permission.RECEIVE
ADDED from src\main\AndroidManifest.xml:106:5-82
	android:name
		ADDED from src\main\AndroidManifest.xml:106:22-79
uses-permission#com.tencent.mm.permission.C2D_MESSAGE
ADDED from src\main\AndroidManifest.xml:107:5-77
	android:name
		ADDED from src\main\AndroidManifest.xml:107:22-74
uses-permission#com.android.vending.BILLING
ADDED from src\main\AndroidManifest.xml:108:5-67
	android:name
		ADDED from src\main\AndroidManifest.xml:108:22-64